pufs:/home/steve/Documents/gitclones/pufs-server/server/pufs_server.go:119: Server starting on port: 9000
Logger started: Logging to path: ./
pufs:/home/steve/Documents/gitclones/pufs-server/server/pufs_server.go:123: listen tcp: address 9000: missing port in address
pufs:/home/steve/Documents/gitclones/pufs-server/server/pufs_server.go:119: Server starting on port: 9000
Logger started: Logging to path: ./
pufs:/home/steve/Documents/gitclones/pufs-server/server/pufs_server.go:123: Error starting listener: listen tcp: address 9000: missing port in address
pufs:/home/steve/Documents/gitclones/pufs-server/server/pufs_server.go:119: Server starting, address:: localhost:9000
Logger started: Logging to path: ./
pufs:/home/steve/Documents/gitclones/pufs-server/server/pufs_server.go:119: Server starting, address: localhost:9000
Logger started: Logging to path: ./
pufs:/home/steve/Documents/gitclones/pufs-server/server/pufs_server.go:119: Server starting, address: localhost:9000
Logger started: Logging to path: ./
pufs:/home/steve/Documents/gitclones/pufs-server/server/pufs_server.go:57: Obtaining files
pufs:/home/steve/Documents/gitclones/pufs-server/server/pufs_server.go:73: Finished sending files to client
pufs:/home/steve/Documents/gitclones/pufs-server/server/pufs_server.go:57: Obtaining files
pufs:/home/steve/Documents/gitclones/pufs-server/server/pufs_server.go:73: Finished sending files to client
pufs:/home/steve/Documents/gitclones/pufs-server/server/pufs_server.go:57: Obtaining files
pufs:/home/steve/Documents/gitclones/pufs-server/server/pufs_server.go:73: Finished sending files to client
pufs:/home/steve/Documents/gitclones/pufs-server/server/pufs_server.go:57: Obtaining files
pufs:/home/steve/Documents/gitclones/pufs-server/server/pufs_server.go:73: Finished sending files to client
pufs:/home/steve/Documents/gitclones/pufs-server/server/pufs_server.go:57: Obtaining files
pufs:/home/steve/Documents/gitclones/pufs-server/server/pufs_server.go:73: Finished sending files to client
pufs:/home/steve/Documents/gitclones/pufs-server/server/pufs_server.go:57: Obtaining files
pufs:/home/steve/Documents/gitclones/pufs-server/server/pufs_server.go:73: Finished sending files to client
pufs:/home/steve/Documents/gitclones/pufs-server/server/pufs_server.go:122: Server starting, address: localhost:9000
Logger started: Logging to path: ./
